#! /usr/bin/vvp
:ivl_version "10.3 (stable)";
:ivl_delay_selection "TYPICAL";
:vpi_time_precision + 0;
:vpi_module "system";
:vpi_module "vhdl_sys";
:vpi_module "v2005_math";
:vpi_module "va_math";
S_0x561165930100 .scope module, "forklift_golden" "forklift_golden" 2 1;
 .timescale 0 0;
v0x561165930280_0 .var/i "c", 31 0;
v0x5611659a5630_0 .var/i "count", 31 0;
v0x5611659a5710 .array "grid", 99 0, 0 0;
v0x5611659a57b0_0 .var/i "n", 31 0;
v0x5611659a5870_0 .var/i "r", 31 0;
    .scope S_0x561165930100;
T_0 ;
    %pushi/vec4 0, 0, 1;
    %ix/load 4, 0, 0;
    %flag_set/imm 4, 0;
    %store/vec4a v0x5611659a5710, 4, 0;
    %pushi/vec4 0, 0, 1;
    %ix/load 4, 1, 0;
    %flag_set/imm 4, 0;
    %store/vec4a v0x5611659a5710, 4, 0;
    %pushi/vec4 1, 0, 1;
    %ix/load 4, 2, 0;
    %flag_set/imm 4, 0;
    %store/vec4a v0x5611659a5710, 4, 0;
    %pushi/vec4 1, 0, 1;
    %ix/load 4, 3, 0;
    %flag_set/imm 4, 0;
    %store/vec4a v0x5611659a5710, 4, 0;
    %pushi/vec4 0, 0, 1;
    %ix/load 4, 4, 0;
    %flag_set/imm 4, 0;
    %store/vec4a v0x5611659a5710, 4, 0;
    %pushi/vec4 1, 0, 1;
    %ix/load 4, 5, 0;
    %flag_set/imm 4, 0;
    %store/vec4a v0x5611659a5710, 4, 0;
    %pushi/vec4 1, 0, 1;
    %ix/load 4, 6, 0;
    %flag_set/imm 4, 0;
    %store/vec4a v0x5611659a5710, 4, 0;
    %pushi/vec4 1, 0, 1;
    %ix/load 4, 7, 0;
    %flag_set/imm 4, 0;
    %store/vec4a v0x5611659a5710, 4, 0;
    %pushi/vec4 1, 0, 1;
    %ix/load 4, 8, 0;
    %flag_set/imm 4, 0;
    %store/vec4a v0x5611659a5710, 4, 0;
    %pushi/vec4 0, 0, 1;
    %ix/load 4, 9, 0;
    %flag_set/imm 4, 0;
    %store/vec4a v0x5611659a5710, 4, 0;
    %pushi/vec4 1, 0, 1;
    %ix/load 4, 10, 0;
    %flag_set/imm 4, 0;
    %store/vec4a v0x5611659a5710, 4, 0;
    %pushi/vec4 1, 0, 1;
    %ix/load 4, 11, 0;
    %flag_set/imm 4, 0;
    %store/vec4a v0x5611659a5710, 4, 0;
    %pushi/vec4 1, 0, 1;
    %ix/load 4, 12, 0;
    %flag_set/imm 4, 0;
    %store/vec4a v0x5611659a5710, 4, 0;
    %pushi/vec4 0, 0, 1;
    %ix/load 4, 13, 0;
    %flag_set/imm 4, 0;
    %store/vec4a v0x5611659a5710, 4, 0;
    %pushi/vec4 1, 0, 1;
    %ix/load 4, 14, 0;
    %flag_set/imm 4, 0;
    %store/vec4a v0x5611659a5710, 4, 0;
    %pushi/vec4 0, 0, 1;
    %ix/load 4, 15, 0;
    %flag_set/imm 4, 0;
    %store/vec4a v0x5611659a5710, 4, 0;
    %pushi/vec4 1, 0, 1;
    %ix/load 4, 16, 0;
    %flag_set/imm 4, 0;
    %store/vec4a v0x5611659a5710, 4, 0;
    %pushi/vec4 0, 0, 1;
    %ix/load 4, 17, 0;
    %flag_set/imm 4, 0;
    %store/vec4a v0x5611659a5710, 4, 0;
    %pushi/vec4 1, 0, 1;
    %ix/load 4, 18, 0;
    %flag_set/imm 4, 0;
    %store/vec4a v0x5611659a5710, 4, 0;
    %pushi/vec4 1, 0, 1;
    %ix/load 4, 19, 0;
    %flag_set/imm 4, 0;
    %store/vec4a v0x5611659a5710, 4, 0;
    %pushi/vec4 1, 0, 1;
    %ix/load 4, 20, 0;
    %flag_set/imm 4, 0;
    %store/vec4a v0x5611659a5710, 4, 0;
    %pushi/vec4 1, 0, 1;
    %ix/load 4, 21, 0;
    %flag_set/imm 4, 0;
    %store/vec4a v0x5611659a5710, 4, 0;
    %pushi/vec4 1, 0, 1;
    %ix/load 4, 22, 0;
    %flag_set/imm 4, 0;
    %store/vec4a v0x5611659a5710, 4, 0;
    %pushi/vec4 1, 0, 1;
    %ix/load 4, 23, 0;
    %flag_set/imm 4, 0;
    %store/vec4a v0x5611659a5710, 4, 0;
    %pushi/vec4 1, 0, 1;
    %ix/load 4, 24, 0;
    %flag_set/imm 4, 0;
    %store/vec4a v0x5611659a5710, 4, 0;
    %pushi/vec4 0, 0, 1;
    %ix/load 4, 25, 0;
    %flag_set/imm 4, 0;
    %store/vec4a v0x5611659a5710, 4, 0;
    %pushi/vec4 1, 0, 1;
    %ix/load 4, 26, 0;
    %flag_set/imm 4, 0;
    %store/vec4a v0x5611659a5710, 4, 0;
    %pushi/vec4 0, 0, 1;
    %ix/load 4, 27, 0;
    %flag_set/imm 4, 0;
    %store/vec4a v0x5611659a5710, 4, 0;
    %pushi/vec4 1, 0, 1;
    %ix/load 4, 28, 0;
    %flag_set/imm 4, 0;
    %store/vec4a v0x5611659a5710, 4, 0;
    %pushi/vec4 1, 0, 1;
    %ix/load 4, 29, 0;
    %flag_set/imm 4, 0;
    %store/vec4a v0x5611659a5710, 4, 0;
    %pushi/vec4 1, 0, 1;
    %ix/load 4, 30, 0;
    %flag_set/imm 4, 0;
    %store/vec4a v0x5611659a5710, 4, 0;
    %pushi/vec4 0, 0, 1;
    %ix/load 4, 31, 0;
    %flag_set/imm 4, 0;
    %store/vec4a v0x5611659a5710, 4, 0;
    %pushi/vec4 1, 0, 1;
    %ix/load 4, 32, 0;
    %flag_set/imm 4, 0;
    %store/vec4a v0x5611659a5710, 4, 0;
    %pushi/vec4 1, 0, 1;
    %ix/load 4, 33, 0;
    %flag_set/imm 4, 0;
    %store/vec4a v0x5611659a5710, 4, 0;
    %pushi/vec4 1, 0, 1;
    %ix/load 4, 34, 0;
    %flag_set/imm 4, 0;
    %store/vec4a v0x5611659a5710, 4, 0;
    %pushi/vec4 1, 0, 1;
    %ix/load 4, 35, 0;
    %flag_set/imm 4, 0;
    %store/vec4a v0x5611659a5710, 4, 0;
    %pushi/vec4 0, 0, 1;
    %ix/load 4, 36, 0;
    %flag_set/imm 4, 0;
    %store/vec4a v0x5611659a5710, 4, 0;
    %pushi/vec4 0, 0, 1;
    %ix/load 4, 37, 0;
    %flag_set/imm 4, 0;
    %store/vec4a v0x5611659a5710, 4, 0;
    %pushi/vec4 1, 0, 1;
    %ix/load 4, 38, 0;
    %flag_set/imm 4, 0;
    %store/vec4a v0x5611659a5710, 4, 0;
    %pushi/vec4 0, 0, 1;
    %ix/load 4, 39, 0;
    %flag_set/imm 4, 0;
    %store/vec4a v0x5611659a5710, 4, 0;
    %pushi/vec4 1, 0, 1;
    %ix/load 4, 40, 0;
    %flag_set/imm 4, 0;
    %store/vec4a v0x5611659a5710, 4, 0;
    %pushi/vec4 1, 0, 1;
    %ix/load 4, 41, 0;
    %flag_set/imm 4, 0;
    %store/vec4a v0x5611659a5710, 4, 0;
    %pushi/vec4 0, 0, 1;
    %ix/load 4, 42, 0;
    %flag_set/imm 4, 0;
    %store/vec4a v0x5611659a5710, 4, 0;
    %pushi/vec4 1, 0, 1;
    %ix/load 4, 43, 0;
    %flag_set/imm 4, 0;
    %store/vec4a v0x5611659a5710, 4, 0;
    %pushi/vec4 1, 0, 1;
    %ix/load 4, 44, 0;
    %flag_set/imm 4, 0;
    %store/vec4a v0x5611659a5710, 4, 0;
    %pushi/vec4 1, 0, 1;
    %ix/load 4, 45, 0;
    %flag_set/imm 4, 0;
    %store/vec4a v0x5611659a5710, 4, 0;
    %pushi/vec4 1, 0, 1;
    %ix/load 4, 46, 0;
    %flag_set/imm 4, 0;
    %store/vec4a v0x5611659a5710, 4, 0;
    %pushi/vec4 0, 0, 1;
    %ix/load 4, 47, 0;
    %flag_set/imm 4, 0;
    %store/vec4a v0x5611659a5710, 4, 0;
    %pushi/vec4 1, 0, 1;
    %ix/load 4, 48, 0;
    %flag_set/imm 4, 0;
    %store/vec4a v0x5611659a5710, 4, 0;
    %pushi/vec4 1, 0, 1;
    %ix/load 4, 49, 0;
    %flag_set/imm 4, 0;
    %store/vec4a v0x5611659a5710, 4, 0;
    %pushi/vec4 0, 0, 1;
    %ix/load 4, 50, 0;
    %flag_set/imm 4, 0;
    %store/vec4a v0x5611659a5710, 4, 0;
    %pushi/vec4 1, 0, 1;
    %ix/load 4, 51, 0;
    %flag_set/imm 4, 0;
    %store/vec4a v0x5611659a5710, 4, 0;
    %pushi/vec4 1, 0, 1;
    %ix/load 4, 52, 0;
    %flag_set/imm 4, 0;
    %store/vec4a v0x5611659a5710, 4, 0;
    %pushi/vec4 1, 0, 1;
    %ix/load 4, 53, 0;
    %flag_set/imm 4, 0;
    %store/vec4a v0x5611659a5710, 4, 0;
    %pushi/vec4 1, 0, 1;
    %ix/load 4, 54, 0;
    %flag_set/imm 4, 0;
    %store/vec4a v0x5611659a5710, 4, 0;
    %pushi/vec4 1, 0, 1;
    %ix/load 4, 55, 0;
    %flag_set/imm 4, 0;
    %store/vec4a v0x5611659a5710, 4, 0;
    %pushi/vec4 1, 0, 1;
    %ix/load 4, 56, 0;
    %flag_set/imm 4, 0;
    %store/vec4a v0x5611659a5710, 4, 0;
    %pushi/vec4 1, 0, 1;
    %ix/load 4, 57, 0;
    %flag_set/imm 4, 0;
    %store/vec4a v0x5611659a5710, 4, 0;
    %pushi/vec4 0, 0, 1;
    %ix/load 4, 58, 0;
    %flag_set/imm 4, 0;
    %store/vec4a v0x5611659a5710, 4, 0;
    %pushi/vec4 1, 0, 1;
    %ix/load 4, 59, 0;
    %flag_set/imm 4, 0;
    %store/vec4a v0x5611659a5710, 4, 0;
    %pushi/vec4 0, 0, 1;
    %ix/load 4, 60, 0;
    %flag_set/imm 4, 0;
    %store/vec4a v0x5611659a5710, 4, 0;
    %pushi/vec4 1, 0, 1;
    %ix/load 4, 61, 0;
    %flag_set/imm 4, 0;
    %store/vec4a v0x5611659a5710, 4, 0;
    %pushi/vec4 0, 0, 1;
    %ix/load 4, 62, 0;
    %flag_set/imm 4, 0;
    %store/vec4a v0x5611659a5710, 4, 0;
    %pushi/vec4 1, 0, 1;
    %ix/load 4, 63, 0;
    %flag_set/imm 4, 0;
    %store/vec4a v0x5611659a5710, 4, 0;
    %pushi/vec4 0, 0, 1;
    %ix/load 4, 64, 0;
    %flag_set/imm 4, 0;
    %store/vec4a v0x5611659a5710, 4, 0;
    %pushi/vec4 1, 0, 1;
    %ix/load 4, 65, 0;
    %flag_set/imm 4, 0;
    %store/vec4a v0x5611659a5710, 4, 0;
    %pushi/vec4 0, 0, 1;
    %ix/load 4, 66, 0;
    %flag_set/imm 4, 0;
    %store/vec4a v0x5611659a5710, 4, 0;
    %pushi/vec4 1, 0, 1;
    %ix/load 4, 67, 0;
    %flag_set/imm 4, 0;
    %store/vec4a v0x5611659a5710, 4, 0;
    %pushi/vec4 1, 0, 1;
    %ix/load 4, 68, 0;
    %flag_set/imm 4, 0;
    %store/vec4a v0x5611659a5710, 4, 0;
    %pushi/vec4 1, 0, 1;
    %ix/load 4, 69, 0;
    %flag_set/imm 4, 0;
    %store/vec4a v0x5611659a5710, 4, 0;
    %pushi/vec4 1, 0, 1;
    %ix/load 4, 70, 0;
    %flag_set/imm 4, 0;
    %store/vec4a v0x5611659a5710, 4, 0;
    %pushi/vec4 0, 0, 1;
    %ix/load 4, 71, 0;
    %flag_set/imm 4, 0;
    %store/vec4a v0x5611659a5710, 4, 0;
    %pushi/vec4 1, 0, 1;
    %ix/load 4, 72, 0;
    %flag_set/imm 4, 0;
    %store/vec4a v0x5611659a5710, 4, 0;
    %pushi/vec4 1, 0, 1;
    %ix/load 4, 73, 0;
    %flag_set/imm 4, 0;
    %store/vec4a v0x5611659a5710, 4, 0;
    %pushi/vec4 1, 0, 1;
    %ix/load 4, 74, 0;
    %flag_set/imm 4, 0;
    %store/vec4a v0x5611659a5710, 4, 0;
    %pushi/vec4 0, 0, 1;
    %ix/load 4, 75, 0;
    %flag_set/imm 4, 0;
    %store/vec4a v0x5611659a5710, 4, 0;
    %pushi/vec4 1, 0, 1;
    %ix/load 4, 76, 0;
    %flag_set/imm 4, 0;
    %store/vec4a v0x5611659a5710, 4, 0;
    %pushi/vec4 1, 0, 1;
    %ix/load 4, 77, 0;
    %flag_set/imm 4, 0;
    %store/vec4a v0x5611659a5710, 4, 0;
    %pushi/vec4 1, 0, 1;
    %ix/load 4, 78, 0;
    %flag_set/imm 4, 0;
    %store/vec4a v0x5611659a5710, 4, 0;
    %pushi/vec4 1, 0, 1;
    %ix/load 4, 79, 0;
    %flag_set/imm 4, 0;
    %store/vec4a v0x5611659a5710, 4, 0;
    %pushi/vec4 0, 0, 1;
    %ix/load 4, 80, 0;
    %flag_set/imm 4, 0;
    %store/vec4a v0x5611659a5710, 4, 0;
    %pushi/vec4 1, 0, 1;
    %ix/load 4, 81, 0;
    %flag_set/imm 4, 0;
    %store/vec4a v0x5611659a5710, 4, 0;
    %pushi/vec4 1, 0, 1;
    %ix/load 4, 82, 0;
    %flag_set/imm 4, 0;
    %store/vec4a v0x5611659a5710, 4, 0;
    %pushi/vec4 1, 0, 1;
    %ix/load 4, 83, 0;
    %flag_set/imm 4, 0;
    %store/vec4a v0x5611659a5710, 4, 0;
    %pushi/vec4 1, 0, 1;
    %ix/load 4, 84, 0;
    %flag_set/imm 4, 0;
    %store/vec4a v0x5611659a5710, 4, 0;
    %pushi/vec4 1, 0, 1;
    %ix/load 4, 85, 0;
    %flag_set/imm 4, 0;
    %store/vec4a v0x5611659a5710, 4, 0;
    %pushi/vec4 1, 0, 1;
    %ix/load 4, 86, 0;
    %flag_set/imm 4, 0;
    %store/vec4a v0x5611659a5710, 4, 0;
    %pushi/vec4 1, 0, 1;
    %ix/load 4, 87, 0;
    %flag_set/imm 4, 0;
    %store/vec4a v0x5611659a5710, 4, 0;
    %pushi/vec4 1, 0, 1;
    %ix/load 4, 88, 0;
    %flag_set/imm 4, 0;
    %store/vec4a v0x5611659a5710, 4, 0;
    %pushi/vec4 0, 0, 1;
    %ix/load 4, 89, 0;
    %flag_set/imm 4, 0;
    %store/vec4a v0x5611659a5710, 4, 0;
    %pushi/vec4 1, 0, 1;
    %ix/load 4, 90, 0;
    %flag_set/imm 4, 0;
    %store/vec4a v0x5611659a5710, 4, 0;
    %pushi/vec4 0, 0, 1;
    %ix/load 4, 91, 0;
    %flag_set/imm 4, 0;
    %store/vec4a v0x5611659a5710, 4, 0;
    %pushi/vec4 1, 0, 1;
    %ix/load 4, 92, 0;
    %flag_set/imm 4, 0;
    %store/vec4a v0x5611659a5710, 4, 0;
    %pushi/vec4 0, 0, 1;
    %ix/load 4, 93, 0;
    %flag_set/imm 4, 0;
    %store/vec4a v0x5611659a5710, 4, 0;
    %pushi/vec4 1, 0, 1;
    %ix/load 4, 94, 0;
    %flag_set/imm 4, 0;
    %store/vec4a v0x5611659a5710, 4, 0;
    %pushi/vec4 1, 0, 1;
    %ix/load 4, 95, 0;
    %flag_set/imm 4, 0;
    %store/vec4a v0x5611659a5710, 4, 0;
    %pushi/vec4 1, 0, 1;
    %ix/load 4, 96, 0;
    %flag_set/imm 4, 0;
    %store/vec4a v0x5611659a5710, 4, 0;
    %pushi/vec4 0, 0, 1;
    %ix/load 4, 97, 0;
    %flag_set/imm 4, 0;
    %store/vec4a v0x5611659a5710, 4, 0;
    %pushi/vec4 1, 0, 1;
    %ix/load 4, 98, 0;
    %flag_set/imm 4, 0;
    %store/vec4a v0x5611659a5710, 4, 0;
    %pushi/vec4 0, 0, 1;
    %ix/load 4, 99, 0;
    %flag_set/imm 4, 0;
    %store/vec4a v0x5611659a5710, 4, 0;
    %end;
    .thread T_0;
    .scope S_0x561165930100;
T_1 ;
    %pushi/vec4 0, 0, 32;
    %store/vec4 v0x5611659a5630_0, 0, 32;
    %pushi/vec4 0, 0, 32;
    %store/vec4 v0x5611659a5870_0, 0, 32;
T_1.0 ;
    %load/vec4 v0x5611659a5870_0;
    %cmpi/s 10, 0, 32;
    %jmp/0xz T_1.1, 5;
    %pushi/vec4 0, 0, 32;
    %store/vec4 v0x561165930280_0, 0, 32;
T_1.2 ;
    %load/vec4 v0x561165930280_0;
    %cmpi/s 10, 0, 32;
    %jmp/0xz T_1.3, 5;
    %load/vec4 v0x5611659a5870_0;
    %pad/s 36;
    %pad/s 40;
    %muli 10, 0, 40;
    %pad/s 41;
    %load/vec4 v0x561165930280_0;
    %pad/s 41;
    %add;
    %ix/vec4/s 4;
    %load/vec4a v0x5611659a5710, 4;
    %flag_set/vec4 8;
    %jmp/0xz  T_1.4, 8;
    %pushi/vec4 0, 0, 32;
    %store/vec4 v0x5611659a57b0_0, 0, 32;
    %pushi/vec4 0, 0, 32;
    %load/vec4 v0x5611659a5870_0;
    %cmp/s;
    %flag_get/vec4 5;
    %pushi/vec4 0, 0, 32;
    %load/vec4 v0x561165930280_0;
    %cmp/s;
    %flag_get/vec4 5;
    %and;
    %flag_set/vec4 8;
    %jmp/0xz  T_1.6, 8;
    %load/vec4 v0x5611659a57b0_0;
    %load/vec4 v0x5611659a5870_0;
    %pad/s 33;
    %subi 1, 0, 33;
    %pad/s 37;
    %pad/s 41;
    %muli 10, 0, 41;
    %pad/s 42;
    %load/vec4 v0x561165930280_0;
    %pad/s 33;
    %subi 1, 0, 33;
    %pad/s 42;
    %add;
    %ix/vec4/s 4;
    %load/vec4a v0x5611659a5710, 4;
    %pad/u 32;
    %add;
    %store/vec4 v0x5611659a57b0_0, 0, 32;
T_1.6 ;
    %pushi/vec4 0, 0, 32;
    %load/vec4 v0x5611659a5870_0;
    %cmp/s;
    %jmp/0xz  T_1.8, 5;
    %load/vec4 v0x5611659a57b0_0;
    %load/vec4 v0x5611659a5870_0;
    %pad/s 33;
    %subi 1, 0, 33;
    %pad/s 37;
    %pad/s 41;
    %muli 10, 0, 41;
    %pad/s 42;
    %load/vec4 v0x561165930280_0;
    %pad/s 42;
    %add;
    %ix/vec4/s 4;
    %load/vec4a v0x5611659a5710, 4;
    %pad/u 32;
    %add;
    %store/vec4 v0x5611659a57b0_0, 0, 32;
T_1.8 ;
    %pushi/vec4 0, 0, 32;
    %load/vec4 v0x5611659a5870_0;
    %cmp/s;
    %flag_get/vec4 5;
    %load/vec4 v0x561165930280_0;
    %cmpi/s 9, 0, 32;
    %flag_get/vec4 5;
    %and;
    %flag_set/vec4 8;
    %jmp/0xz  T_1.10, 8;
    %load/vec4 v0x5611659a57b0_0;
    %load/vec4 v0x5611659a5870_0;
    %pad/s 33;
    %subi 1, 0, 33;
    %pad/s 37;
    %pad/s 41;
    %muli 10, 0, 41;
    %pad/s 42;
    %load/vec4 v0x561165930280_0;
    %pad/s 33;
    %addi 1, 0, 33;
    %pad/s 42;
    %add;
    %ix/vec4/s 4;
    %load/vec4a v0x5611659a5710, 4;
    %pad/u 32;
    %add;
    %store/vec4 v0x5611659a57b0_0, 0, 32;
T_1.10 ;
    %pushi/vec4 0, 0, 32;
    %load/vec4 v0x561165930280_0;
    %cmp/s;
    %jmp/0xz  T_1.12, 5;
    %load/vec4 v0x5611659a57b0_0;
    %load/vec4 v0x5611659a5870_0;
    %pad/s 36;
    %pad/s 40;
    %muli 10, 0, 40;
    %pad/s 41;
    %load/vec4 v0x561165930280_0;
    %pad/s 33;
    %subi 1, 0, 33;
    %pad/s 41;
    %add;
    %ix/vec4/s 4;
    %load/vec4a v0x5611659a5710, 4;
    %pad/u 32;
    %add;
    %store/vec4 v0x5611659a57b0_0, 0, 32;
T_1.12 ;
    %load/vec4 v0x561165930280_0;
    %cmpi/s 9, 0, 32;
    %jmp/0xz  T_1.14, 5;
    %load/vec4 v0x5611659a57b0_0;
    %load/vec4 v0x5611659a5870_0;
    %pad/s 36;
    %pad/s 40;
    %muli 10, 0, 40;
    %pad/s 41;
    %load/vec4 v0x561165930280_0;
    %pad/s 33;
    %addi 1, 0, 33;
    %pad/s 41;
    %add;
    %ix/vec4/s 4;
    %load/vec4a v0x5611659a5710, 4;
    %pad/u 32;
    %add;
    %store/vec4 v0x5611659a57b0_0, 0, 32;
T_1.14 ;
    %load/vec4 v0x5611659a5870_0;
    %cmpi/s 9, 0, 32;
    %flag_get/vec4 5;
    %pushi/vec4 0, 0, 32;
    %load/vec4 v0x561165930280_0;
    %cmp/s;
    %flag_get/vec4 5;
    %and;
    %flag_set/vec4 8;
    %jmp/0xz  T_1.16, 8;
    %load/vec4 v0x5611659a57b0_0;
    %load/vec4 v0x5611659a5870_0;
    %pad/s 33;
    %addi 1, 0, 33;
    %pad/s 37;
    %pad/s 41;
    %muli 10, 0, 41;
    %pad/s 42;
    %load/vec4 v0x561165930280_0;
    %pad/s 33;
    %subi 1, 0, 33;
    %pad/s 42;
    %add;
    %ix/vec4/s 4;
    %load/vec4a v0x5611659a5710, 4;
    %pad/u 32;
    %add;
    %store/vec4 v0x5611659a57b0_0, 0, 32;
T_1.16 ;
    %load/vec4 v0x5611659a5870_0;
    %cmpi/s 9, 0, 32;
    %jmp/0xz  T_1.18, 5;
    %load/vec4 v0x5611659a57b0_0;
    %load/vec4 v0x5611659a5870_0;
    %pad/s 33;
    %addi 1, 0, 33;
    %pad/s 37;
    %pad/s 41;
    %muli 10, 0, 41;
    %pad/s 42;
    %load/vec4 v0x561165930280_0;
    %pad/s 42;
    %add;
    %ix/vec4/s 4;
    %load/vec4a v0x5611659a5710, 4;
    %pad/u 32;
    %add;
    %store/vec4 v0x5611659a57b0_0, 0, 32;
T_1.18 ;
    %load/vec4 v0x5611659a5870_0;
    %cmpi/s 9, 0, 32;
    %flag_get/vec4 5;
    %load/vec4 v0x561165930280_0;
    %cmpi/s 9, 0, 32;
    %flag_get/vec4 5;
    %and;
    %flag_set/vec4 8;
    %jmp/0xz  T_1.20, 8;
    %load/vec4 v0x5611659a57b0_0;
    %load/vec4 v0x5611659a5870_0;
    %pad/s 33;
    %addi 1, 0, 33;
    %pad/s 37;
    %pad/s 41;
    %muli 10, 0, 41;
    %pad/s 42;
    %load/vec4 v0x561165930280_0;
    %pad/s 33;
    %addi 1, 0, 33;
    %pad/s 42;
    %add;
    %ix/vec4/s 4;
    %load/vec4a v0x5611659a5710, 4;
    %pad/u 32;
    %add;
    %store/vec4 v0x5611659a57b0_0, 0, 32;
T_1.20 ;
    %load/vec4 v0x5611659a57b0_0;
    %cmpi/s 4, 0, 32;
    %jmp/0xz  T_1.22, 5;
    %load/vec4 v0x5611659a5630_0;
    %addi 1, 0, 32;
    %store/vec4 v0x5611659a5630_0, 0, 32;
T_1.22 ;
T_1.4 ;
    %load/vec4 v0x561165930280_0;
    %addi 1, 0, 32;
    %store/vec4 v0x561165930280_0, 0, 32;
    %jmp T_1.2;
T_1.3 ;
    %load/vec4 v0x5611659a5870_0;
    %addi 1, 0, 32;
    %store/vec4 v0x5611659a5870_0, 0, 32;
    %jmp T_1.0;
T_1.1 ;
    %vpi_call 2 57 "$display", "FINAL ACCESSIBLE COUNT = %0d", v0x5611659a5630_0 {0 0 0};
    %vpi_call 2 58 "$finish" {0 0 0};
    %end;
    .thread T_1;
# The file index is used to find the file name in the following table.
:file_names 3;
    "N/A";
    "<interactive>";
    "reference/forklift_golden.v";
