#! /usr/bin/vvp
:ivl_version "10.3 (stable)";
:ivl_delay_selection "TYPICAL";
:vpi_time_precision - 12;
:vpi_module "system";
:vpi_module "vhdl_sys";
:vpi_module "v2005_math";
:vpi_module "va_math";
:vpi_module "v2009";
S_0x558e6f2db9f0 .scope module, "tb_streaming" "tb_streaming" 2 2;
 .timescale -9 -12;
v0x558e6f313130_0 .net "accessible", 0 0, L_0x558e6f328b90;  1 drivers
v0x558e6f3131f0_0 .var/i "c", 31 0;
v0x558e6f3132b0_0 .var "cell_in", 0 0;
v0x558e6f313350_0 .var "clk", 0 0;
v0x558e6f3133f0 .array "grid", 9 0, 9 0;
v0x558e6f313490_0 .var "in_valid", 0 0;
v0x558e6f313530_0 .net "nsum", 3 0, L_0x558e6f328590;  1 drivers
v0x558e6f313600_0 .var/i "r", 31 0;
v0x558e6f3136a0_0 .var "rst", 0 0;
S_0x558e6f2dbb70 .scope module, "dut" "forklift_streaming" 2 11, 3 1 0, S_0x558e6f2db9f0;
 .timescale 0 0;
    .port_info 0 /INPUT 1 "clk"
    .port_info 1 /INPUT 1 "rst"
    .port_info 2 /INPUT 1 "in_valid"
    .port_info 3 /INPUT 1 "cell_in"
    .port_info 4 /OUTPUT 4 "nsum"
    .port_info 5 /OUTPUT 1 "accessible"
P_0x558e6f2c6a10 .param/l "W" 0 3 2, +C4<00000000000000000000000000001010>;
L_0x558e6f29f730 .functor AND 1, L_0x558e6f3238e0, L_0x558e6f323ba0, C4<1>, C4<1>;
L_0x558e6f3240f0 .functor AND 1, L_0x558e6f29f730, L_0x558e6f323f70, C4<1>, C4<1>;
L_0x558e6f3249f0 .functor AND 1, v0x558e6f313490_0, L_0x558e6f3240f0, C4<1>, C4<1>;
L_0x558e6f324390 .functor AND 1, L_0x558e6f3249f0, v0x558e6f312770_0, C4<1>, C4<1>;
L_0x558e6f328b90 .functor AND 1, L_0x558e6f324390, L_0x558e6f328a50, C4<1>, C4<1>;
v0x558e6f29f250_0 .net *"_s0", 31 0, L_0x558e6f313770;  1 drivers
L_0x7f18298c95b8 .functor BUFT 1, C4<0000000000000000000000000000>, C4<0>, C4<0>, C4<0>;
v0x558e6f30d380_0 .net *"_s101", 27 0, L_0x7f18298c95b8;  1 drivers
L_0x7f18298c9600 .functor BUFT 1, C4<00000000000000000000000000000001>, C4<0>, C4<0>, C4<0>;
v0x558e6f30d460_0 .net/2u *"_s102", 31 0, L_0x7f18298c9600;  1 drivers
v0x558e6f30d520_0 .net *"_s104", 31 0, L_0x558e6f326150;  1 drivers
v0x558e6f30d600_0 .net *"_s107", 0 0, L_0x558e6f326290;  1 drivers
v0x558e6f30d730_0 .net *"_s108", 3 0, L_0x558e6f3264d0;  1 drivers
L_0x7f18298c90a8 .functor BUFT 1, C4<0000000000000000000000000000>, C4<0>, C4<0>, C4<0>;
v0x558e6f30d810_0 .net *"_s11", 27 0, L_0x7f18298c90a8;  1 drivers
L_0x7f18298c9648 .functor BUFT 1, C4<000>, C4<0>, C4<0>, C4<0>;
v0x558e6f30d8f0_0 .net *"_s111", 2 0, L_0x7f18298c9648;  1 drivers
L_0x7f18298c9690 .functor BUFT 1, C4<0000>, C4<0>, C4<0>, C4<0>;
v0x558e6f30d9d0_0 .net/2u *"_s112", 3 0, L_0x7f18298c9690;  1 drivers
v0x558e6f30dab0_0 .net *"_s114", 3 0, L_0x558e6f326610;  1 drivers
v0x558e6f30db90_0 .net *"_s116", 3 0, L_0x558e6f326860;  1 drivers
v0x558e6f30dc70_0 .net *"_s118", 31 0, L_0x558e6f3269a0;  1 drivers
L_0x7f18298c90f0 .functor BUFT 1, C4<00000000000000000000000000000000>, C4<0>, C4<0>, C4<0>;
v0x558e6f30dd50_0 .net/2u *"_s12", 31 0, L_0x7f18298c90f0;  1 drivers
L_0x7f18298c96d8 .functor BUFT 1, C4<0000000000000000000000000000>, C4<0>, C4<0>, C4<0>;
v0x558e6f30de30_0 .net *"_s121", 27 0, L_0x7f18298c96d8;  1 drivers
L_0x7f18298c9720 .functor BUFT 1, C4<00000000000000000000000000000001>, C4<0>, C4<0>, C4<0>;
v0x558e6f30df10_0 .net/2u *"_s122", 31 0, L_0x7f18298c9720;  1 drivers
v0x558e6f30dff0_0 .net *"_s124", 31 0, L_0x558e6f326bb0;  1 drivers
v0x558e6f30e0d0_0 .net *"_s127", 0 0, L_0x558e6f326cf0;  1 drivers
v0x558e6f30e1b0_0 .net *"_s128", 3 0, L_0x558e6f326f10;  1 drivers
L_0x7f18298c9768 .functor BUFT 1, C4<000>, C4<0>, C4<0>, C4<0>;
v0x558e6f30e290_0 .net *"_s131", 2 0, L_0x7f18298c9768;  1 drivers
L_0x7f18298c97b0 .functor BUFT 1, C4<0000>, C4<0>, C4<0>, C4<0>;
v0x558e6f30e370_0 .net/2u *"_s132", 3 0, L_0x7f18298c97b0;  1 drivers
v0x558e6f30e450_0 .net *"_s134", 3 0, L_0x558e6f327050;  1 drivers
v0x558e6f30e530_0 .net *"_s136", 3 0, L_0x558e6f3272d0;  1 drivers
v0x558e6f30e610_0 .net *"_s139", 0 0, L_0x558e6f327410;  1 drivers
v0x558e6f30e6f0_0 .net *"_s14", 0 0, L_0x558e6f323ba0;  1 drivers
v0x558e6f30e7b0_0 .net *"_s140", 3 0, L_0x558e6f327650;  1 drivers
L_0x7f18298c97f8 .functor BUFT 1, C4<000>, C4<0>, C4<0>, C4<0>;
v0x558e6f30e890_0 .net *"_s143", 2 0, L_0x7f18298c97f8;  1 drivers
L_0x7f18298c9840 .functor BUFT 1, C4<0000>, C4<0>, C4<0>, C4<0>;
v0x558e6f30e970_0 .net/2u *"_s144", 3 0, L_0x7f18298c9840;  1 drivers
v0x558e6f30ea50_0 .net *"_s146", 3 0, L_0x558e6f327790;  1 drivers
v0x558e6f30eb30_0 .net *"_s148", 3 0, L_0x558e6f327a30;  1 drivers
v0x558e6f30ec10_0 .net *"_s150", 31 0, L_0x558e6f327b70;  1 drivers
L_0x7f18298c9888 .functor BUFT 1, C4<0000000000000000000000000000>, C4<0>, C4<0>, C4<0>;
v0x558e6f30ecf0_0 .net *"_s153", 27 0, L_0x7f18298c9888;  1 drivers
L_0x7f18298c98d0 .functor BUFT 1, C4<00000000000000000000000000000001>, C4<0>, C4<0>, C4<0>;
v0x558e6f30edd0_0 .net/2u *"_s154", 31 0, L_0x7f18298c98d0;  1 drivers
v0x558e6f30eeb0_0 .net *"_s156", 31 0, L_0x558e6f327dd0;  1 drivers
v0x558e6f30f1a0_0 .net *"_s159", 0 0, L_0x558e6f327f10;  1 drivers
v0x558e6f30f280_0 .net *"_s16", 0 0, L_0x558e6f29f730;  1 drivers
v0x558e6f30f340_0 .net *"_s160", 3 0, L_0x558e6f328180;  1 drivers
L_0x7f18298c9918 .functor BUFT 1, C4<000>, C4<0>, C4<0>, C4<0>;
v0x558e6f30f420_0 .net *"_s163", 2 0, L_0x7f18298c9918;  1 drivers
L_0x7f18298c9960 .functor BUFT 1, C4<0000>, C4<0>, C4<0>, C4<0>;
v0x558e6f30f500_0 .net/2u *"_s164", 3 0, L_0x7f18298c9960;  1 drivers
v0x558e6f30f5e0_0 .net *"_s166", 3 0, L_0x558e6f3282c0;  1 drivers
v0x558e6f30f6c0_0 .net *"_s170", 0 0, L_0x558e6f3249f0;  1 drivers
v0x558e6f30f780_0 .net *"_s172", 0 0, L_0x558e6f324390;  1 drivers
v0x558e6f30f840_0 .net *"_s174", 31 0, L_0x558e6f3287c0;  1 drivers
L_0x7f18298c99a8 .functor BUFT 1, C4<0000000000000000000000000000>, C4<0>, C4<0>, C4<0>;
v0x558e6f30f920_0 .net *"_s177", 27 0, L_0x7f18298c99a8;  1 drivers
L_0x7f18298c99f0 .functor BUFT 1, C4<00000000000000000000000000000100>, C4<0>, C4<0>, C4<0>;
v0x558e6f30fa00_0 .net/2u *"_s178", 31 0, L_0x7f18298c99f0;  1 drivers
v0x558e6f30fae0_0 .net *"_s18", 31 0, L_0x558e6f323de0;  1 drivers
v0x558e6f30fbc0_0 .net *"_s180", 0 0, L_0x558e6f328a50;  1 drivers
L_0x7f18298c9138 .functor BUFT 1, C4<0000000000000000000000000000>, C4<0>, C4<0>, C4<0>;
v0x558e6f30fc80_0 .net *"_s21", 27 0, L_0x7f18298c9138;  1 drivers
L_0x7f18298c9180 .functor BUFT 1, C4<00000000000000000000000000001001>, C4<0>, C4<0>, C4<0>;
v0x558e6f30fd60_0 .net/2u *"_s22", 31 0, L_0x7f18298c9180;  1 drivers
v0x558e6f30fe40_0 .net *"_s24", 0 0, L_0x558e6f323f70;  1 drivers
v0x558e6f30ff00_0 .net *"_s28", 31 0, L_0x558e6f324200;  1 drivers
L_0x7f18298c9018 .functor BUFT 1, C4<0000000000000000>, C4<0>, C4<0>, C4<0>;
v0x558e6f30ffe0_0 .net *"_s3", 15 0, L_0x7f18298c9018;  1 drivers
L_0x7f18298c91c8 .functor BUFT 1, C4<0000000000000000000000000000>, C4<0>, C4<0>, C4<0>;
v0x558e6f3100c0_0 .net *"_s31", 27 0, L_0x7f18298c91c8;  1 drivers
L_0x7f18298c9210 .functor BUFT 1, C4<00000000000000000000000000000001>, C4<0>, C4<0>, C4<0>;
v0x558e6f3101a0_0 .net/2u *"_s32", 31 0, L_0x7f18298c9210;  1 drivers
v0x558e6f310280_0 .net *"_s34", 31 0, L_0x558e6f3242f0;  1 drivers
v0x558e6f310360_0 .net *"_s37", 0 0, L_0x558e6f3244f0;  1 drivers
v0x558e6f310440_0 .net *"_s38", 3 0, L_0x558e6f3245e0;  1 drivers
L_0x7f18298c9060 .functor BUFT 1, C4<00000000000000000000000000000010>, C4<0>, C4<0>, C4<0>;
v0x558e6f310520_0 .net/2u *"_s4", 31 0, L_0x7f18298c9060;  1 drivers
L_0x7f18298c9258 .functor BUFT 1, C4<000>, C4<0>, C4<0>, C4<0>;
v0x558e6f310600_0 .net *"_s41", 2 0, L_0x7f18298c9258;  1 drivers
L_0x7f18298c92a0 .functor BUFT 1, C4<0000>, C4<0>, C4<0>, C4<0>;
v0x558e6f3106e0_0 .net/2u *"_s42", 3 0, L_0x7f18298c92a0;  1 drivers
v0x558e6f3107c0_0 .net *"_s44", 3 0, L_0x558e6f324730;  1 drivers
v0x558e6f3108a0_0 .net *"_s47", 0 0, L_0x558e6f324870;  1 drivers
v0x558e6f310980_0 .net *"_s48", 3 0, L_0x558e6f324a60;  1 drivers
L_0x7f18298c92e8 .functor BUFT 1, C4<000>, C4<0>, C4<0>, C4<0>;
v0x558e6f310a60_0 .net *"_s51", 2 0, L_0x7f18298c92e8;  1 drivers
L_0x7f18298c9330 .functor BUFT 1, C4<0000>, C4<0>, C4<0>, C4<0>;
v0x558e6f310b40_0 .net/2u *"_s52", 3 0, L_0x7f18298c9330;  1 drivers
v0x558e6f310c20_0 .net *"_s54", 3 0, L_0x558e6f324b50;  1 drivers
v0x558e6f311110_0 .net *"_s56", 3 0, L_0x558e6f324d10;  1 drivers
v0x558e6f3111f0_0 .net *"_s58", 31 0, L_0x558e6f324e50;  1 drivers
v0x558e6f3112d0_0 .net *"_s6", 0 0, L_0x558e6f3238e0;  1 drivers
L_0x7f18298c9378 .functor BUFT 1, C4<0000000000000000000000000000>, C4<0>, C4<0>, C4<0>;
v0x558e6f311390_0 .net *"_s61", 27 0, L_0x7f18298c9378;  1 drivers
L_0x7f18298c93c0 .functor BUFT 1, C4<00000000000000000000000000000001>, C4<0>, C4<0>, C4<0>;
v0x558e6f311470_0 .net/2u *"_s62", 31 0, L_0x7f18298c93c0;  1 drivers
v0x558e6f311550_0 .net *"_s64", 31 0, L_0x558e6f324fd0;  1 drivers
v0x558e6f311630_0 .net *"_s67", 0 0, L_0x558e6f325110;  1 drivers
v0x558e6f311710_0 .net *"_s68", 3 0, L_0x558e6f3252a0;  1 drivers
L_0x7f18298c9408 .functor BUFT 1, C4<000>, C4<0>, C4<0>, C4<0>;
v0x558e6f3117f0_0 .net *"_s71", 2 0, L_0x7f18298c9408;  1 drivers
L_0x7f18298c9450 .functor BUFT 1, C4<0000>, C4<0>, C4<0>, C4<0>;
v0x558e6f3118d0_0 .net/2u *"_s72", 3 0, L_0x7f18298c9450;  1 drivers
v0x558e6f3119b0_0 .net *"_s74", 3 0, L_0x558e6f3253e0;  1 drivers
v0x558e6f311a90_0 .net *"_s76", 3 0, L_0x558e6f325200;  1 drivers
v0x558e6f311b70_0 .net *"_s78", 31 0, L_0x558e6f325620;  1 drivers
v0x558e6f311c50_0 .net *"_s8", 31 0, L_0x558e6f323a50;  1 drivers
L_0x7f18298c9498 .functor BUFT 1, C4<0000000000000000000000000000>, C4<0>, C4<0>, C4<0>;
v0x558e6f311d30_0 .net *"_s81", 27 0, L_0x7f18298c9498;  1 drivers
L_0x7f18298c94e0 .functor BUFT 1, C4<00000000000000000000000000000001>, C4<0>, C4<0>, C4<0>;
v0x558e6f311e10_0 .net/2u *"_s82", 31 0, L_0x7f18298c94e0;  1 drivers
v0x558e6f311ef0_0 .net *"_s84", 31 0, L_0x558e6f3257d0;  1 drivers
v0x558e6f311fd0_0 .net *"_s87", 0 0, L_0x558e6f325910;  1 drivers
v0x558e6f3120b0_0 .net *"_s88", 3 0, L_0x558e6f325ad0;  1 drivers
L_0x7f18298c9528 .functor BUFT 1, C4<000>, C4<0>, C4<0>, C4<0>;
v0x558e6f312190_0 .net *"_s91", 2 0, L_0x7f18298c9528;  1 drivers
L_0x7f18298c9570 .functor BUFT 1, C4<0000>, C4<0>, C4<0>, C4<0>;
v0x558e6f312270_0 .net/2u *"_s92", 3 0, L_0x7f18298c9570;  1 drivers
v0x558e6f312350_0 .net *"_s94", 3 0, L_0x558e6f325c10;  1 drivers
v0x558e6f312430_0 .net *"_s96", 3 0, L_0x558e6f325e30;  1 drivers
v0x558e6f312510_0 .net *"_s98", 31 0, L_0x558e6f325f70;  1 drivers
v0x558e6f3125f0_0 .net "accessible", 0 0, L_0x558e6f328b90;  alias, 1 drivers
v0x558e6f3126b0_0 .net "cell_in", 0 0, v0x558e6f3132b0_0;  1 drivers
v0x558e6f312770_0 .var "center", 0 0;
v0x558e6f312830_0 .net "clk", 0 0, v0x558e6f313350_0;  1 drivers
v0x558e6f3128f0_0 .var "col", 3 0;
v0x558e6f3129d0_0 .net "in_valid", 0 0, v0x558e6f313490_0;  1 drivers
v0x558e6f312a90_0 .net "nsum", 3 0, L_0x558e6f328590;  alias, 1 drivers
v0x558e6f312b70_0 .var "r0", 9 0;
v0x558e6f312c50_0 .var "r1", 9 0;
v0x558e6f312d30_0 .var "r2", 9 0;
v0x558e6f312e10_0 .var "row", 15 0;
v0x558e6f312ef0_0 .net "rst", 0 0, v0x558e6f3136a0_0;  1 drivers
v0x558e6f312fb0_0 .net "valid", 0 0, L_0x558e6f3240f0;  1 drivers
E_0x558e6f2d55f0 .event posedge, v0x558e6f312830_0;
L_0x558e6f313770 .concat [ 16 16 0 0], v0x558e6f312e10_0, L_0x7f18298c9018;
L_0x558e6f3238e0 .cmp/ge 32, L_0x558e6f313770, L_0x7f18298c9060;
L_0x558e6f323a50 .concat [ 4 28 0 0], v0x558e6f3128f0_0, L_0x7f18298c90a8;
L_0x558e6f323ba0 .cmp/gt 32, L_0x558e6f323a50, L_0x7f18298c90f0;
L_0x558e6f323de0 .concat [ 4 28 0 0], v0x558e6f3128f0_0, L_0x7f18298c9138;
L_0x558e6f323f70 .cmp/gt 32, L_0x7f18298c9180, L_0x558e6f323de0;
L_0x558e6f324200 .concat [ 4 28 0 0], v0x558e6f3128f0_0, L_0x7f18298c91c8;
L_0x558e6f3242f0 .arith/sub 32, L_0x558e6f324200, L_0x7f18298c9210;
L_0x558e6f3244f0 .part/v v0x558e6f312d30_0, L_0x558e6f3242f0, 1;
L_0x558e6f3245e0 .concat [ 1 3 0 0], L_0x558e6f3244f0, L_0x7f18298c9258;
L_0x558e6f324730 .functor MUXZ 4, L_0x7f18298c92a0, L_0x558e6f3245e0, L_0x558e6f3240f0, C4<>;
L_0x558e6f324870 .part/v v0x558e6f312d30_0, v0x558e6f3128f0_0, 1;
L_0x558e6f324a60 .concat [ 1 3 0 0], L_0x558e6f324870, L_0x7f18298c92e8;
L_0x558e6f324b50 .functor MUXZ 4, L_0x7f18298c9330, L_0x558e6f324a60, L_0x558e6f3240f0, C4<>;
L_0x558e6f324d10 .arith/sum 4, L_0x558e6f324730, L_0x558e6f324b50;
L_0x558e6f324e50 .concat [ 4 28 0 0], v0x558e6f3128f0_0, L_0x7f18298c9378;
L_0x558e6f324fd0 .arith/sum 32, L_0x558e6f324e50, L_0x7f18298c93c0;
L_0x558e6f325110 .part/v v0x558e6f312d30_0, L_0x558e6f324fd0, 1;
L_0x558e6f3252a0 .concat [ 1 3 0 0], L_0x558e6f325110, L_0x7f18298c9408;
L_0x558e6f3253e0 .functor MUXZ 4, L_0x7f18298c9450, L_0x558e6f3252a0, L_0x558e6f3240f0, C4<>;
L_0x558e6f325200 .arith/sum 4, L_0x558e6f324d10, L_0x558e6f3253e0;
L_0x558e6f325620 .concat [ 4 28 0 0], v0x558e6f3128f0_0, L_0x7f18298c9498;
L_0x558e6f3257d0 .arith/sub 32, L_0x558e6f325620, L_0x7f18298c94e0;
L_0x558e6f325910 .part/v v0x558e6f312c50_0, L_0x558e6f3257d0, 1;
L_0x558e6f325ad0 .concat [ 1 3 0 0], L_0x558e6f325910, L_0x7f18298c9528;
L_0x558e6f325c10 .functor MUXZ 4, L_0x7f18298c9570, L_0x558e6f325ad0, L_0x558e6f3240f0, C4<>;
L_0x558e6f325e30 .arith/sum 4, L_0x558e6f325200, L_0x558e6f325c10;
L_0x558e6f325f70 .concat [ 4 28 0 0], v0x558e6f3128f0_0, L_0x7f18298c95b8;
L_0x558e6f326150 .arith/sum 32, L_0x558e6f325f70, L_0x7f18298c9600;
L_0x558e6f326290 .part/v v0x558e6f312c50_0, L_0x558e6f326150, 1;
L_0x558e6f3264d0 .concat [ 1 3 0 0], L_0x558e6f326290, L_0x7f18298c9648;
L_0x558e6f326610 .functor MUXZ 4, L_0x7f18298c9690, L_0x558e6f3264d0, L_0x558e6f3240f0, C4<>;
L_0x558e6f326860 .arith/sum 4, L_0x558e6f325e30, L_0x558e6f326610;
L_0x558e6f3269a0 .concat [ 4 28 0 0], v0x558e6f3128f0_0, L_0x7f18298c96d8;
L_0x558e6f326bb0 .arith/sub 32, L_0x558e6f3269a0, L_0x7f18298c9720;
L_0x558e6f326cf0 .part/v v0x558e6f312b70_0, L_0x558e6f326bb0, 1;
L_0x558e6f326f10 .concat [ 1 3 0 0], L_0x558e6f326cf0, L_0x7f18298c9768;
L_0x558e6f327050 .functor MUXZ 4, L_0x7f18298c97b0, L_0x558e6f326f10, L_0x558e6f3240f0, C4<>;
L_0x558e6f3272d0 .arith/sum 4, L_0x558e6f326860, L_0x558e6f327050;
L_0x558e6f327410 .part/v v0x558e6f312b70_0, v0x558e6f3128f0_0, 1;
L_0x558e6f327650 .concat [ 1 3 0 0], L_0x558e6f327410, L_0x7f18298c97f8;
L_0x558e6f327790 .functor MUXZ 4, L_0x7f18298c9840, L_0x558e6f327650, L_0x558e6f3240f0, C4<>;
L_0x558e6f327a30 .arith/sum 4, L_0x558e6f3272d0, L_0x558e6f327790;
L_0x558e6f327b70 .concat [ 4 28 0 0], v0x558e6f3128f0_0, L_0x7f18298c9888;
L_0x558e6f327dd0 .arith/sum 32, L_0x558e6f327b70, L_0x7f18298c98d0;
L_0x558e6f327f10 .part/v v0x558e6f312b70_0, L_0x558e6f327dd0, 1;
L_0x558e6f328180 .concat [ 1 3 0 0], L_0x558e6f327f10, L_0x7f18298c9918;
L_0x558e6f3282c0 .functor MUXZ 4, L_0x7f18298c9960, L_0x558e6f328180, L_0x558e6f3240f0, C4<>;
L_0x558e6f328590 .arith/sum 4, L_0x558e6f327a30, L_0x558e6f3282c0;
L_0x558e6f3287c0 .concat [ 4 28 0 0], L_0x558e6f328590, L_0x7f18298c99a8;
L_0x558e6f328a50 .cmp/gt 32, L_0x7f18298c99f0, L_0x558e6f3287c0;
    .scope S_0x558e6f2dbb70;
T_0 ;
    %wait E_0x558e6f2d55f0;
    %load/vec4 v0x558e6f312ef0_0;
    %flag_set/vec4 8;
    %jmp/0xz  T_0.0, 8;
    %pushi/vec4 0, 0, 4;
    %assign/vec4 v0x558e6f3128f0_0, 0;
    %pushi/vec4 0, 0, 16;
    %assign/vec4 v0x558e6f312e10_0, 0;
    %pushi/vec4 0, 0, 10;
    %assign/vec4 v0x558e6f312b70_0, 0;
    %pushi/vec4 0, 0, 10;
    %assign/vec4 v0x558e6f312c50_0, 0;
    %pushi/vec4 0, 0, 10;
    %assign/vec4 v0x558e6f312d30_0, 0;
    %pushi/vec4 0, 0, 1;
    %assign/vec4 v0x558e6f312770_0, 0;
    %jmp T_0.1;
T_0.0 ;
    %load/vec4 v0x558e6f3129d0_0;
    %flag_set/vec4 8;
    %jmp/0xz  T_0.2, 8;
    %load/vec4 v0x558e6f312c50_0;
    %load/vec4 v0x558e6f3128f0_0;
    %part/u 1;
    %ix/load 5, 0, 0;
    %ix/getv 4, v0x558e6f3128f0_0;
    %assign/vec4/off/d v0x558e6f312d30_0, 4, 5;
    %load/vec4 v0x558e6f312b70_0;
    %load/vec4 v0x558e6f3128f0_0;
    %part/u 1;
    %ix/load 5, 0, 0;
    %ix/getv 4, v0x558e6f3128f0_0;
    %assign/vec4/off/d v0x558e6f312c50_0, 4, 5;
    %load/vec4 v0x558e6f3126b0_0;
    %ix/load 5, 0, 0;
    %ix/getv 4, v0x558e6f3128f0_0;
    %assign/vec4/off/d v0x558e6f312b70_0, 4, 5;
    %load/vec4 v0x558e6f312c50_0;
    %load/vec4 v0x558e6f3128f0_0;
    %part/u 1;
    %assign/vec4 v0x558e6f312770_0, 0;
    %load/vec4 v0x558e6f3128f0_0;
    %pad/u 32;
    %cmpi/e 9, 0, 32;
    %jmp/0xz  T_0.4, 4;
    %pushi/vec4 0, 0, 4;
    %assign/vec4 v0x558e6f3128f0_0, 0;
    %load/vec4 v0x558e6f312e10_0;
    %addi 1, 0, 16;
    %assign/vec4 v0x558e6f312e10_0, 0;
    %jmp T_0.5;
T_0.4 ;
    %load/vec4 v0x558e6f3128f0_0;
    %addi 1, 0, 4;
    %assign/vec4 v0x558e6f3128f0_0, 0;
T_0.5 ;
T_0.2 ;
T_0.1 ;
    %jmp T_0;
    .thread T_0;
    .scope S_0x558e6f2db9f0;
T_1 ;
    %pushi/vec4 0, 0, 1;
    %store/vec4 v0x558e6f313350_0, 0, 1;
    %end;
    .thread T_1, $init;
    .scope S_0x558e6f2db9f0;
T_2 ;
    %delay 5000, 0;
    %load/vec4 v0x558e6f313350_0;
    %inv;
    %store/vec4 v0x558e6f313350_0, 0, 1;
    %jmp T_2;
    .thread T_2;
    .scope S_0x558e6f2db9f0;
T_3 ;
    %pushi/vec4 46, 0, 10;
    %ix/load 4, 0, 0;
    %flag_set/imm 4, 0;
    %store/vec4a v0x558e6f3133f0, 4, 0;
    %pushi/vec4 64, 0, 10;
    %ix/load 4, 1, 0;
    %flag_set/imm 4, 0;
    %store/vec4a v0x558e6f3133f0, 4, 0;
    %pushi/vec4 64, 0, 10;
    %ix/load 4, 2, 0;
    %flag_set/imm 4, 0;
    %store/vec4a v0x558e6f3133f0, 4, 0;
    %pushi/vec4 46, 0, 10;
    %ix/load 4, 3, 0;
    %flag_set/imm 4, 0;
    %store/vec4a v0x558e6f3133f0, 4, 0;
    %pushi/vec4 64, 0, 10;
    %ix/load 4, 4, 0;
    %flag_set/imm 4, 0;
    %store/vec4a v0x558e6f3133f0, 4, 0;
    %pushi/vec4 576, 0, 10;
    %ix/load 4, 5, 0;
    %flag_set/imm 4, 0;
    %store/vec4a v0x558e6f3133f0, 4, 0;
    %pushi/vec4 64, 0, 10;
    %ix/load 4, 6, 0;
    %flag_set/imm 4, 0;
    %store/vec4a v0x558e6f3133f0, 4, 0;
    %pushi/vec4 64, 0, 10;
    %ix/load 4, 7, 0;
    %flag_set/imm 4, 0;
    %store/vec4a v0x558e6f3133f0, 4, 0;
    %pushi/vec4 46, 0, 10;
    %ix/load 4, 8, 0;
    %flag_set/imm 4, 0;
    %store/vec4a v0x558e6f3133f0, 4, 0;
    %pushi/vec4 46, 0, 10;
    %ix/load 4, 9, 0;
    %flag_set/imm 4, 0;
    %store/vec4a v0x558e6f3133f0, 4, 0;
    %end;
    .thread T_3;
    .scope S_0x558e6f2db9f0;
T_4 ;
    %vpi_call/w 2 34 "$dumpfile", "waves/streaming.vcd" {0 0 0};
    %vpi_call/w 2 35 "$dumpvars", 32'sb00000000000000000000000000000000, S_0x558e6f2db9f0 {0 0 0};
    %end;
    .thread T_4;
    .scope S_0x558e6f2db9f0;
T_5 ;
    %pushi/vec4 1, 0, 1;
    %store/vec4 v0x558e6f3136a0_0, 0, 1;
    %pushi/vec4 0, 0, 1;
    %store/vec4 v0x558e6f313490_0, 0, 1;
    %pushi/vec4 0, 0, 1;
    %store/vec4 v0x558e6f3132b0_0, 0, 1;
    %delay 20000, 0;
    %pushi/vec4 0, 0, 1;
    %store/vec4 v0x558e6f3136a0_0, 0, 1;
    %pushi/vec4 0, 0, 32;
    %store/vec4 v0x558e6f313600_0, 0, 32;
T_5.0 ;
    %load/vec4 v0x558e6f313600_0;
    %cmpi/s 10, 0, 32;
    %jmp/0xz T_5.1, 5;
    %pushi/vec4 0, 0, 32;
    %store/vec4 v0x558e6f3131f0_0, 0, 32;
T_5.2 ;
    %load/vec4 v0x558e6f3131f0_0;
    %cmpi/s 10, 0, 32;
    %jmp/0xz T_5.3, 5;
    %wait E_0x558e6f2d55f0;
    %pushi/vec4 1, 0, 1;
    %store/vec4 v0x558e6f313490_0, 0, 1;
    %ix/getv/s 4, v0x558e6f313600_0;
    %load/vec4a v0x558e6f3133f0, 4;
    %pushi/vec4 9, 0, 32;
    %load/vec4 v0x558e6f3131f0_0;
    %sub;
    %part/s 1;
    %pad/u 8;
    %pushi/vec4 64, 0, 8; draw_string_vec4
    %cmp/e;
    %flag_get/vec4 4;
    %store/vec4 v0x558e6f3132b0_0, 0, 1;
    %load/vec4 v0x558e6f3131f0_0;
    %addi 1, 0, 32;
    %store/vec4 v0x558e6f3131f0_0, 0, 32;
    %jmp T_5.2;
T_5.3 ;
    %load/vec4 v0x558e6f313600_0;
    %addi 1, 0, 32;
    %store/vec4 v0x558e6f313600_0, 0, 32;
    %jmp T_5.0;
T_5.1 ;
    %delay 50000, 0;
    %vpi_call/w 2 48 "$finish" {0 0 0};
    %end;
    .thread T_5;
# The file index is used to find the file name in the following table.
:file_names 4;
    "N/A";
    "<interactive>";
    "streaming/tb_streaming.v";
    "streaming/forklift_streaming.v";
